PRT1
154
656
4 0 2 (1536 1024 0 ) (1536 1024 2048 ) (1024 1024 2048 ) (1024 1024 0 ) 
4 0 1 (1024 1024 0 ) (1024 1024 2048 ) (1024 1536 2048 ) (1024 1536 0 ) 
4 1 58 (0 1024 0 ) (0 1024 2048 ) (0 1536 2048 ) (0 1536 0 ) 
4 1 55 (0 1024 117.761719 ) (0 1024 0 ) (128 1024 0 ) (128 1024 117.761719 ) 
4 1 54 (128 1024 0 ) (192 1024 0 ) (192 1024 117.761719 ) (128 1024 117.761719 ) 
4 1 43 (192 1024 354 ) (0 1024 354 ) (0 1024 117.761719 ) (192 1024 117.761719 ) 
4 1 41 (448 1024 354 ) (192 1024 354 ) (192 1024 0 ) (448 1024 0 ) 
4 1 40 (1024 1024 0 ) (1024 1024 354 ) (448 1024 354 ) (448 1024 0 ) 
4 1 4 (290 1024 2048 ) (0 1024 2048 ) (0 1024 354 ) (290 1024 354 ) 
4 1 3 (1024 1024 354 ) (1024 1024 2048 ) (290 1024 2048 ) (290 1024 354 ) 
4 2 84 (1536 0 0 ) (1536 0 2048 ) (1024 0 2048 ) (1024 0 0 ) 
4 2 40 (1024 1024 354 ) (1024 1024 0 ) (1024 0 0 ) (1024 0 354 ) 
4 2 3 (1024 1024 2048 ) (1024 1024 354 ) (1024 0 354 ) (1024 0 2048 ) 
4 3 91 (290 0 588.799988 ) (290 0 471.026703 ) (320 0 471.026703 ) (320 0 588.799988 ) 
4 3 90 (320 0 738 ) (290 0 738 ) (290 0 588.799988 ) (320 0 588.799988 ) 
4 3 113 (290 0 471.026703 ) (290 0 354 ) (320 0 354 ) (320 0 471.026703 ) 
4 3 87 (352 0 738 ) (320 0 738 ) (320 0 354 ) (352 0 354 ) 
4 3 86 (1024 0 354 ) (1024 0 738 ) (352 0 738 ) (352 0 354 ) 
4 3 85 (1024 0 738 ) (1024 0 2048 ) (290 0 2048 ) (290 0 738 ) 
4 3 41 (448 0 354 ) (290 0 354 ) (290 1024 354 ) (448 1024 354 ) 
4 3 40 (1024 0 354 ) (448 0 354 ) (448 1024 354 ) (1024 1024 354 ) 
4 3 37 (290 125 354 ) (290 0 354 ) (290 0 738 ) (290 125 738 ) 
4 3 26 (290 125.554451 706 ) (290 312 706 ) (290 312 588 ) (290 310.879944 588 ) 
4 3 25 (290 125 588 ) (290 125 706 ) (290 125.554451 706 ) (290 310.879944 588 ) 
4 3 27 (290 312 354 ) (290 125 354 ) (290 125 588 ) (290 312 588 ) 
4 3 20 (290 125 706 ) (290 125 708 ) (290 311 708 ) (290 311 706 ) 
4 3 19 (290 311 708 ) (290 312 708 ) (290 312 706 ) (290 311 706 ) 
4 3 12 (290 485.647034 354 ) (290 312 354 ) (290 312 708 ) (290 485.647034 708 ) 
4 3 9 (290 125 708 ) (290 125 738 ) (290 485.647034 738 ) (290 485.647034 708 ) 
4 3 6 (290 544 354 ) (290 485.647034 354 ) (290 485.647034 738 ) (290 544 738 ) 
4 3 5 (290 0 738 ) (290 0 2048 ) (290 544 2048 ) (290 544 738 ) 
4 3 4 (290 1024 354 ) (290 544 354 ) (290 544 2048 ) (290 1024 2048 ) 
4 4 59 (0 544 2048 ) (0 1024 2048 ) (0 1024 354 ) (0 544 354 ) 
4 4 43 (0 544 354 ) (0 1024 354 ) (192 1024 354 ) (192 544 354 ) 
4 4 41 (192 1024 354 ) (290 1024 354 ) (290 544 354 ) (192 544 354 ) 
4 4 8 (0 544 354 ) (224 544 354 ) (224 544 471.040009 ) (0 544 471.040009 ) 
4 4 7 (224 544 471.040009 ) (224 544 738 ) (0 544 738 ) (0 544 471.040009 ) 
4 4 6 (224 544 354 ) (290 544 354 ) (290 544 738 ) (224 544 738 ) 
4 4 5 (290 544 738 ) (290 544 2048 ) (0 544 2048 ) (0 544 738 ) 
4 5 85 (290 0 2048 ) (0 0 2048 ) (0 0 738 ) (290 0 738 ) 
4 5 60 (0 0 738 ) (0 0 2048 ) (0 544 2048 ) (0 544 738 ) 
4 5 38 (0 0 738 ) (0 125 738 ) (288 125 738 ) (288 0 738 ) 
4 5 37 (288 125 738 ) (290 125 738 ) (290 0 738 ) (288 0 738 ) 
4 5 11 (0 125 738 ) (0 311 738 ) (288 311 738 ) (288 125 738 ) 
4 5 10 (0 311 738 ) (0 485.647034 738 ) (288 485.647034 738 ) (288 311 738 ) 
4 5 9 (288 485.647034 738 ) (290 485.647034 738 ) (290 125 738 ) (288 125 738 ) 
4 5 7 (0 485.647034 738 ) (0 544 738 ) (224 544 738 ) (224 485.647034 738 ) 
4 5 6 (224 544 738 ) (290 544 738 ) (290 485.647034 738 ) (224 485.647034 738 ) 
4 6 41 (224 544 354 ) (290 544 354 ) (290 485.647034 354 ) (224 485.647034 354 ) 
4 6 12 (224 485.647034 354 ) (290 485.647034 354 ) (290 485.647034 708 ) (224 485.647034 708 ) 
4 6 10 (288 485.647034 738 ) (224 485.647034 738 ) (224 485.647034 708 ) (288 485.647034 708 ) 
4 6 9 (290 485.647034 708 ) (290 485.647034 738 ) (288 485.647034 738 ) (288 485.647034 708 ) 
4 6 8 (224 485.647034 354 ) (224 485.647034 471.040009 ) (224 544 471.040009 ) (224 544 354 ) 
4 6 7 (224 485.647034 471.040009 ) (224 485.647034 738 ) (224 544 738 ) (224 544 471.040009 ) 
4 7 61 (0 544 588.799988 ) (0 544 471.040009 ) (0 485.647034 471.040009 ) (0 485.647034 588.799988 ) 
4 7 60 (0 485.647034 738 ) (0 544 738 ) (0 544 588.799988 ) (0 485.647034 588.799988 ) 
4 7 17 (224 485.647034 471.040009 ) (224 485.647034 588.799988 ) (0 485.647034 588.799988 ) (0 485.647034 471.040009 ) 
4 7 13 (224 485.647034 588.799988 ) (224 485.647034 708 ) (0 485.647034 708 ) (0 485.647034 588.799988 ) 
4 7 10 (224 485.647034 708 ) (224 485.647034 738 ) (0 485.647034 738 ) (0 485.647034 708 ) 
4 7 8 (0 544 471.040009 ) (224 544 471.040009 ) (224 485.647034 471.040009 ) (0 485.647034 471.040009 ) 
4 8 62 (0 544 471.040009 ) (0 544 354 ) (0 485.647034 354 ) (0 485.647034 471.040009 ) 
4 8 43 (0 485.647034 354 ) (0 544 354 ) (192 544 354 ) (192 485.647034 354 ) 
4 8 41 (192 544 354 ) (224 544 354 ) (224 485.647034 354 ) (192 485.647034 354 ) 
4 8 18 (0 485.647034 354 ) (224 485.647034 354 ) (224 485.647034 471.040009 ) (0 485.647034 471.040009 ) 
4 9 37 (290 125 708 ) (290 125 738 ) (288 125 738 ) (288 125 708 ) 
4 9 20 (290 125 708 ) (288 125 708 ) (288 311 708 ) (290 311 708 ) 
4 9 19 (288 311 708 ) (288 312 708 ) (290 312 708 ) (290 311 708 ) 
4 9 12 (288 312 708 ) (288 485.647034 708 ) (290 485.647034 708 ) (290 312 708 ) 
4 9 11 (288 311 708 ) (288 125 708 ) (288 125 738 ) (288 311 738 ) 
4 9 10 (288 485.647034 738 ) (288 485.647034 708 ) (288 311 708 ) (288 311 738 ) 
4 10 60 (0 311 738 ) (0 485.647034 738 ) (0 485.647034 708 ) (0 311 708 ) 
4 10 23 (0 311 708 ) (0 312 708 ) (2 312 708 ) (2 311 708 ) 
4 10 19 (2 312 708 ) (288 312 708 ) (288 311 708 ) (2 311 708 ) 
4 10 13 (0 312 708 ) (0 485.647034 708 ) (224 485.647034 708 ) (224 312 708 ) 
4 10 12 (224 485.647034 708 ) (288 485.647034 708 ) (288 312 708 ) (224 312 708 ) 
4 10 11 (0 311 708 ) (288 311 708 ) (288 311 738 ) (0 311 738 ) 
4 11 60 (0 125 738 ) (0 311 738 ) (0 311 708 ) (0 125 708 ) 
4 11 38 (288 125 738 ) (0 125 738 ) (0 125 708 ) (288 125 708 ) 
4 11 24 (2 125 708 ) (0 125 708 ) (0 311 708 ) (2 311 708 ) 
4 11 22 (288 125 708 ) (2 125 708 ) (2 311 708 ) (288 311 708 ) 
4 12 41 (224 485.647034 354 ) (290 485.647034 354 ) (290 312 354 ) (224 312 354 ) 
4 12 26 (290 312 588 ) (290 312 706 ) (224 312 706 ) (224 312 588 ) 
4 12 27 (224 312 354 ) (290 312 354 ) (290 312 588 ) (224 312 588 ) 
4 12 19 (290 312 706 ) (290 312 708 ) (224 312 708 ) (224 312 706 ) 
4 12 18 (224 485.647034 471.040009 ) (224 485.647034 354 ) (224 415.056061 354 ) (224 362.982208 471.040009 ) 
5 12 17 (224 312 585.626465 ) (224 312 588.799988 ) (224 485.647034 588.799988 ) (224 485.647034 471.040009 ) (224 362.982208 471.040009 ) 
4 12 15 (224 362.982208 471.040009 ) (224 415.056061 354 ) (224 362 354 ) (224 362 471.040009 ) 
3 12 14 (224 362 473.247589 ) (224 362.982208 471.040009 ) (224 362 471.040009 ) 
4 12 16 (224 312 354 ) (224 312 585.626465 ) (224 362 473.247589 ) (224 362 354 ) 
4 12 13 (224 312 588.799988 ) (224 312 708 ) (224 485.647034 708 ) (224 485.647034 588.799988 ) 
4 13 60 (0 485.647034 708 ) (0 485.647034 588.799988 ) (0 312 588.799988 ) (0 312 708 ) 
4 13 34 (2 312 706 ) (0 312 706 ) (0 312 588.799988 ) (2 312 588.799988 ) 
4 13 30 (224 312 588.799988 ) (224 312 706 ) (2 312 706 ) (2 312 588.799988 ) 
4 13 23 (2 312 708 ) (0 312 708 ) (0 312 706 ) (2 312 706 ) 
4 13 19 (224 312 706 ) (224 312 708 ) (2 312 708 ) (2 312 706 ) 
4 13 17 (0 485.647034 588.799988 ) (224 485.647034 588.799988 ) (224 312 588.799988 ) (0 312 588.799988 ) 
3 14 63 (0 362 471.040009 ) (0 362 473.247589 ) (0 362.982208 471.040009 ) 
4 14 17 (224 362 473.242889 ) (224 362.980103 471.040009 ) (0 362.980103 471.040009 ) (0 362 473.242859 ) 
4 14 16 (224 362 471.040009 ) (224 362 473.246094 ) (0 362 473.246094 ) (0 362 471.040009 ) 
4 14 15 (224 362 471.040009 ) (0 362 471.040009 ) (0 362.983307 471.040009 ) (224 362.983307 471.040009 ) 
4 15 65 (0 415.056061 354 ) (0 362 354 ) (0 362 471.040009 ) (0 362.982208 471.040009 ) 
4 15 44 (0 362 354 ) (0 415.056061 354 ) (192 415.056061 354 ) (192 362 354 ) 
4 15 41 (192 415.056061 354 ) (224 415.056061 354 ) (224 362 354 ) (192 362 354 ) 
4 15 18 (224 362.980103 471.040009 ) (224 415.053955 354 ) (0 415.053955 354 ) (0 362.980103 471.040009 ) 
4 15 16 (0 362 354 ) (224 362 354 ) (224 362 471.040009 ) (0 362 471.040009 ) 
4 16 66 (0 362 354 ) (0 312 354 ) (0 312 585.626465 ) (0 362 473.247589 ) 
4 16 48 (0 312 354 ) (0 362 354 ) (160 362 354 ) (160 312 354 ) 
4 16 45 (160 362 354 ) (192 362 354 ) (192 312 354 ) (160 312 354 ) 
4 16 41 (192 362 354 ) (224 362 354 ) (224 312 354 ) (192 312 354 ) 
4 16 35 (0 312 354 ) (2 312 354 ) (2 312 585.626465 ) (0 312 585.626465 ) 
4 16 28 (2 312 354 ) (224 312 354 ) (224 312 585.626465 ) (2 312 585.626465 ) 
4 16 17 (0 312 585.621765 ) (224 312 585.621765 ) (224 362 473.242889 ) (0 362 473.242859 ) 
4 17 67 (0 362 473.247589 ) (0 312 585.626465 ) (0 312 588.799988 ) (0 362 588.799988 ) 
5 17 64 (0 485.647034 588.799988 ) (0 485.647034 471.040009 ) (0 362.982208 471.040009 ) (0 362 473.247589 ) (0 362 588.799988 ) 
4 17 36 (2 312 588.799988 ) (0 312 588.799988 ) (0 312 585.626465 ) (2 312 585.626465 ) 
4 17 32 (224 312 588 ) (224 312 588.799988 ) (2 312 588.799988 ) (2 312 588 ) 
4 17 33 (224 312 587.286865 ) (224 312 588 ) (2 312 588 ) (2 312 587.286865 ) 
4 17 29 (224 312 585.626465 ) (224 312 587.286865 ) (2 312 587.286865 ) (2 312 585.626465 ) 
4 17 18 (224 362.980469 471.040009 ) (0 362.980469 471.040009 ) (0 485.647034 471.040009 ) (224 485.647034 471.040009 ) 
4 18 65 (0 485.647034 471.040009 ) (0 485.647034 354 ) (0 415.056061 354 ) (0 362.982208 471.040009 ) 
4 18 44 (0 415.056061 354 ) (0 485.647034 354 ) (192 485.647034 354 ) (192 415.056061 354 ) 
4 18 41 (192 485.647034 354 ) (224 485.647034 354 ) (224 415.056061 354 ) (192 415.056061 354 ) 
4 19 30 (2 311 706 ) (2 312 706 ) (224 312 706 ) (224 311 706 ) 
4 19 26 (224 312 706 ) (290 312 706 ) (290 311 706 ) (224 311 706 ) 
4 19 23 (2 312 708 ) (2 312 706 ) (2 311 706 ) (2 311 708 ) 
4 19 22 (2 311 708 ) (2 311 706 ) (288 311 706 ) (288 311 708 ) 
4 19 20 (288 311 706 ) (290 311 706 ) (290 311 708 ) (288 311 708 ) 
4 20 37 (290 125 706 ) (290 125 708 ) (288 125 708 ) (288 125 706 ) 
4 20 26 (288 125.554451 706 ) (288 311 706 ) (290 311 706 ) (290 125.554459 706 ) 
4 20 25 (290 125 706 ) (288 125 706 ) (288 125.554451 706 ) (290 125.554459 706 ) 
5 20 22 (288 311 708 ) (288 311 706 ) (288 125.554459 706 ) (288 125 706.353027 ) (288 125 708 ) 
3 20 21 (288 125.554459 706 ) (288 125 706 ) (288 125 706.353027 ) 
4 21 38 (2 125 706.353027 ) (2 125 706 ) (288 125 706 ) (288 125 706.353027 ) 
4 21 28 (224 125 706 ) (2 125 706 ) (2 125.554451 706 ) (224 125.554459 706 ) 
4 21 25 (288 125 706 ) (224 125 706 ) (224 125.554459 706 ) (288 125.554459 706 ) 
3 21 24 (2 125.554459 706 ) (2 125 706 ) (2 125 706.353027 ) 
4 21 22 (288 125 706.350769 ) (288 125.550781 706 ) (2 125.551743 706 ) (2 125 706.351318 ) 
4 22 38 (288 125 708 ) (2 125 708 ) (2 125 706.353027 ) (288 125 706.353027 ) 
4 22 30 (2 125.554451 706 ) (2 311 706 ) (224 311 706 ) (224 125.554459 706 ) 
4 22 26 (224 311 706 ) (288 311 706 ) (288 125.554459 706 ) (224 125.554459 706 ) 
5 22 24 (2 311 706 ) (2 125.554459 706 ) (2 125 706.353027 ) (2 125 708 ) (2 311 708 ) 
4 23 60 (0 311 708 ) (0 312 708 ) (0 312 706 ) (0 311 706 ) 
4 23 34 (0 311 706 ) (0 312 706 ) (2 312 706 ) (2 311 706 ) 
4 23 24 (0 311 706 ) (2 311 706 ) (2 311 708 ) (0 311 708 ) 
4 24 60 (0 125 706 ) (0 125 708 ) (0 311 708 ) (0 311 706 ) 
4 24 38 (2 125 708 ) (0 125 708 ) (0 125 706 ) (2 125 706 ) 
4 24 34 (2 125 706 ) (0 125 706 ) (0 311 706 ) (2 311 706 ) 
4 25 39 (288 125 706 ) (224 125 706 ) (224 125 588 ) (288 125 588 ) 
4 25 37 (290 125 588 ) (290 125 706 ) (288 125 706 ) (288 125 588 ) 
4 25 28 (224 125 588 ) (224 125 706 ) (224 125.554451 706 ) (224 310.879944 588 ) 
4 25 27 (290 125 588 ) (224 125 588 ) (224 310.879944 588 ) (290 310.879944 588 ) 
4 25 26 (290 310.880859 588 ) (224 310.880859 588 ) (224 125.555283 706 ) (290 125.555283 706 ) 
4 26 32 (224 312 588.799988 ) (224 312 588 ) (224 310.943939 588 ) (224 310.588013 588.799988 ) 
4 26 31 (224 310.943939 588 ) (224 310.879944 588 ) (224 309.623505 588.799988 ) (224 310.588013 588.799988 ) 
4 26 30 (224 125.554451 706 ) (224 312 706 ) (224 312 588.799988 ) (224 309.623505 588.799988 ) 
4 26 27 (224 310.879944 588 ) (224 312 588 ) (290 312 588 ) (290 310.879944 588 ) 
4 27 41 (224 312 354 ) (290 312 354 ) (290 125 354 ) (224 125 354 ) 
4 27 39 (224 125 354 ) (288 125 354 ) (288 125 588 ) (224 125 588 ) 
4 27 37 (288 125 354 ) (290 125 354 ) (290 125 588 ) (288 125 588 ) 
3 27 33 (224 310.879944 588 ) (224 312 588 ) (224 312 587.286865 ) 
3 27 29 (224 310.969238 587.943115 ) (224 312 587.286865 ) (224 312 585.626526 ) 
6 27 28 (224 125 354 ) (224 125 588 ) (224 310.879944 588 ) (224 310.969238 587.943115 ) (224 312 585.626526 ) (224 312 354 ) 
4 28 49 (160 301.421265 354 ) (160 125 354 ) (2 125 354 ) (2 301.421265 354 ) 
4 28 48 (2 312 354 ) (160 312 354 ) (160 301.421265 354 ) (2 301.421265 354 ) 
4 28 45 (160 312 354 ) (192 312 354 ) (192 125 354 ) (160 125 354 ) 
4 28 41 (192 312 354 ) (224 312 354 ) (224 125 354 ) (192 125 354 ) 
4 28 39 (2 125 354 ) (224 125 354 ) (224 125 706 ) (2 125 706 ) 
6 28 35 (2 125 354 ) (2 125 588.799988 ) (2 309.623535 588.799988 ) (2 310.969299 587.943115 ) (2 312 585.626526 ) (2 312 354 ) 
4 28 34 (2 125 588.799988 ) (2 125 706 ) (2 125.554451 706 ) (2 309.623535 588.799988 ) 
4 28 31 (2 310.967896 587.946228 ) (2 309.627014 588.799988 ) (224 309.623840 588.799988 ) (224 310.969116 587.943420 ) 
4 28 30 (2 309.627014 588.799988 ) (2 125.558594 706 ) (224 125.554688 706 ) (224 309.623840 588.799988 ) 
4 28 29 (2 312 585.621094 ) (2 310.966797 587.945313 ) (224 310.966797 587.945313 ) (224 312 585.623108 ) 
3 29 36 (2 310.969299 587.943115 ) (2 312 587.286865 ) (2 312 585.626526 ) 
4 29 33 (2 312 587.289063 ) (2 310.967896 587.946228 ) (224 310.969116 587.943420 ) (224 312 587.287048 ) 
4 30 34 (2 125.554451 706 ) (2 312 706 ) (2 312 588.799988 ) (2 309.623566 588.799988 ) 
4 30 32 (2 310.588043 588.799988 ) (2 312 588.799988 ) (224 312 588.799988 ) (224 310.588043 588.799988 ) 
4 30 31 (224 309.625000 588.799988 ) (2 309.625000 588.799988 ) (2 310.588043 588.799988 ) (224 310.588043 588.799988 ) 
4 31 35 (2 310.943970 588 ) (2 310.879974 588 ) (2 309.623566 588.799988 ) (2 310.588013 588.799988 ) 
4 31 32 (224 310.941406 588 ) (2 310.941406 588 ) (2 310.584717 588.799988 ) (224 310.584717 588.799988 ) 
4 32 36 (2 312 588.799988 ) (2 312 588 ) (2 310.943970 588 ) (2 310.588013 588.799988 ) 
4 32 33 (224 310.882813 588 ) (2 310.882813 588 ) (2 312 588 ) (224 312 588 ) 
3 33 36 (2 312 588 ) (2 312 587.286865 ) (2 310.879974 588 ) 
4 34 60 (0 125 588.799988 ) (0 125 706 ) (0 312 706 ) (0 312 588.799988 ) 
4 34 39 (2 125 588.799988 ) (2 125 706 ) (0 125 706 ) (0 125 588.799988 ) 
4 34 36 (0 312 588.799988 ) (2 312 588.799988 ) (2 310.588043 588.799988 ) (0 310.588043 588.799988 ) 
4 34 35 (2 310.588043 588.799988 ) (2 125 588.799988 ) (0 125 588.799988 ) (0 310.588043 588.799988 ) 
5 35 66 (0 312 354 ) (0 125 354 ) (0 125 588.799988 ) (0 310.588043 588.799988 ) (0 312 585.626465 ) 
4 35 49 (0 125 354 ) (0 301.421265 354 ) (2 301.421265 354 ) (2 125 354 ) 
4 35 48 (0 301.421265 354 ) (0 312 354 ) (2 312 354 ) (2 301.421265 354 ) 
4 35 39 (0 125 354 ) (2 125 354 ) (2 125 588.799988 ) (0 125 588.799988 ) 
4 35 36 (0 310.585938 588.799988 ) (2 310.585938 588.799988 ) (2 312 585.621765 ) (0 312 585.621765 ) 
3 36 67 (0 310.588043 588.799988 ) (0 312 588.799988 ) (0 312 585.626465 ) 
4 37 91 (290 0 471.026703 ) (290 0 588.799988 ) (288 0 588.799988 ) (288 0 471.026703 ) 
4 37 90 (290 0 588.799988 ) (290 0 738 ) (288 0 738 ) (288 0 588.799988 ) 
4 37 113 (288 0 354 ) (290 0 354 ) (290 0 471.026703 ) (288 0 471.026703 ) 
4 37 41 (290 0 354 ) (288 0 354 ) (288 125 354 ) (290 125 354 ) 
4 37 39 (288 125 706 ) (288 125 354 ) (288 0 354 ) (288 0 706 ) 
4 37 38 (288 125 738 ) (288 125 706 ) (288 0 706 ) (288 0 738 ) 
4 38 95 (0 0 708 ) (0 0 706 ) (288 0 706 ) (288 0 708 ) 
4 38 93 (0 0 738 ) (0 0 708 ) (288 0 708 ) (288 0 738 ) 
4 38 60 (0 0 706 ) (0 0 738 ) (0 125 738 ) (0 125 706 ) 
4 38 39 (0 0 706 ) (0 125 706 ) (288 125 706 ) (288 0 706 ) 
4 39 96 (0 0 706 ) (0 0 471.026703 ) (288 0 471.026703 ) (288 0 706 ) 
4 39 113 (0 0 471.026703 ) (0 0 354 ) (288 0 354 ) (288 0 471.026703 ) 
4 39 66 (0 0 354 ) (0 0 588.799988 ) (0 125 588.799988 ) (0 125 354 ) 
4 39 60 (0 0 588.799988 ) (0 0 706 ) (0 125 706 ) (0 125 588.799988 ) 
4 39 49 (160 0 354 ) (0 0 354 ) (0 125 354 ) (160 125 354 ) 
4 39 45 (192 0 354 ) (160 0 354 ) (160 125 354 ) (192 125 354 ) 
4 39 41 (288 0 354 ) (192 0 354 ) (192 125 354 ) (288 125 354 ) 
4 40 124 (1024 0 0 ) (1024 0 354 ) (448 0 354 ) (448 0 0 ) 
3 40 42 (448 310.588013 0 ) (448 0 0 ) (448 0 104.464516 ) 
5 40 41 (448 1024 0 ) (448 310.588013 0 ) (448 0 104.464516 ) (448 0 354 ) (448 1024 354 ) 
4 41 125 (448 0 354 ) (192 0 354 ) (192 0 104.464523 ) (448 0 104.464516 ) 
5 41 54 (192 1024 0 ) (192 310.588013 0 ) (192 0 104.464516 ) (192 0 117.761719 ) (192 1024 117.761719 ) 
5 41 46 (192 362 354 ) (192 362.002625 354 ) (192 485.647034 353.280029 ) (192 485.647034 235.680023 ) (192 305.848145 235.680023 ) 
4 41 45 (192 0 235.680023 ) (192 0 354 ) (192 362 354 ) (192 305.848145 235.680023 ) 
4 41 47 (192 0 117.761719 ) (192 0 235.680023 ) (192 485.647034 235.680023 ) (192 485.647034 117.761719 ) 
3 41 44 (192 362.002625 354 ) (192 485.647034 354 ) (192 485.647034 353.280029 ) 
4 41 43 (192 485.647034 354 ) (192 1024 354 ) (192 1024 117.761719 ) (192 485.647034 117.761719 ) 
4 41 42 (192 0 104.464066 ) (192 310.586670 0 ) (448 310.589844 0 ) (448 0 104.465202 ) 
4 42 126 (192 0 104.464523 ) (192 0 0 ) (448 0 0 ) (448 0 104.464516 ) 
3 42 54 (192 310.588013 0 ) (192 0 0 ) (192 0 104.464516 ) 
4 43 69 (0 485.647034 354 ) (0 1024 354 ) (0 1024 117.761719 ) (0 485.647034 117.761719 ) 
4 43 55 (0 485.647034 117.761719 ) (0 1024 117.761719 ) (128 1024 117.761719 ) (128 485.647034 117.761719 ) 
4 43 54 (128 1024 117.761719 ) (192 1024 117.761719 ) (192 485.647034 117.761719 ) (128 485.647034 117.761719 ) 
4 43 52 (0 485.647034 117.761719 ) (160 485.647034 117.761719 ) (160 485.647034 235.680023 ) (0 485.647034 235.680023 ) 
4 43 51 (160 485.647034 235.680023 ) (160 485.647034 353.280029 ) (0 485.647034 353.280029 ) (0 485.647034 235.680023 ) 
4 43 46 (192 485.647034 235.680023 ) (192 485.647034 353.280029 ) (160 485.647034 353.280029 ) (160 485.647034 235.680023 ) 
4 43 47 (160 485.647034 117.761719 ) (192 485.647034 117.761719 ) (192 485.647034 235.680023 ) (160 485.647034 235.680023 ) 
4 43 44 (192 485.647034 353.280029 ) (192 485.647034 354 ) (0 485.647034 354 ) (0 485.647034 353.280029 ) 
3 44 70 (0 362.002625 354 ) (0 485.647034 354 ) (0 485.647034 353.280029 ) 
4 44 51 (0 485.647034 353.280029 ) (160 485.647034 353.280029 ) (160 362.005249 354 ) (0 362.005219 354 ) 
4 44 46 (160 485.647034 353.280029 ) (192 485.647034 353.280029 ) (192 362.005249 354 ) (160 362.005249 354 ) 
4 45 127 (192 0 354 ) (160 0 354 ) (160 0 235.680023 ) (192 0 235.680023 ) 
3 45 50 (160 306 236 ) (160 305.848145 235.680023 ) (160 305.538666 235.680023 ) 
5 45 49 (160 0 354 ) (160 301.421295 354 ) (160 306 236 ) (160 305.538666 235.680023 ) (160 0 235.680023 ) 
4 45 48 (160 301.421295 354 ) (160 361.574219 354 ) (160 361.998810 353.997528 ) (160 306 236 ) 
4 45 47 (160 0 235.680023 ) (160 305.848114 235.680023 ) (192 305.848145 235.680023 ) (192 0 235.680023 ) 
4 45 46 (192 305.846680 235.680023 ) (160 305.846680 235.680023 ) (160 361.998566 354 ) (192 361.998566 354 ) 
4 46 51 (160 361.998810 353.997528 ) (160 485.647034 353.277527 ) (160 485.647034 235.680023 ) (160 305.848145 235.680023 ) 
4 46 47 (160 305.848114 235.680023 ) (160 485.647034 235.680023 ) (192 485.647034 235.680023 ) (192 305.848145 235.680023 ) 
4 47 127 (160 0 235.680023 ) (160 0 117.761719 ) (192 0 117.761719 ) (192 0 235.680023 ) 
4 47 54 (160 485.647034 117.761719 ) (192 485.647034 117.761719 ) (192 0 117.761719 ) (160 0 117.761719 ) 
4 47 53 (160 310.587952 117.761719 ) (160 249.886902 117.761719 ) (160 305.848114 235.680023 ) (160 306.012421 235.680023 ) 
4 47 52 (160 485.647034 235.680023 ) (160 485.647034 117.761719 ) (160 310.587952 117.761719 ) (160 306.012421 235.680023 ) 
4 47 50 (160 249.886902 117.761719 ) (160 135.531494 117.761719 ) (160 305.538666 235.680023 ) (160 305.848114 235.680023 ) 
4 47 49 (160 135.531494 117.761719 ) (160 0 117.761719 ) (160 0 235.680023 ) (160 305.538666 235.680023 ) 
3 48 71 (0 301.421295 354 ) (0 362 354 ) (0 306 236 ) 
4 48 51 (160 361.998047 353.996094 ) (160 306 236 ) (0 306 236 ) (0 361.998047 353.996124 ) 
4 48 49 (0 306 236.001953 ) (160 306 236.001953 ) (160 301.421265 354 ) (0 301.421265 354 ) 
4 49 144 (128 0 354 ) (0 0 354 ) (0 0 117.761719 ) (128 0 117.761719 ) 
4 49 127 (160 0 354 ) (128 0 354 ) (128 0 117.761719 ) (160 0 117.761719 ) 
5 49 75 (0 0 117.761719 ) (0 0 354 ) (0 301.421295 354 ) (0 306 236 ) (0 135.531494 117.761719 ) 
4 49 56 (0 0 117.761719 ) (0 135.531479 117.761719 ) (128 135.531494 117.761719 ) (128 0 117.761719 ) 
4 49 54 (128 135.531494 117.761719 ) (160 135.531494 117.761719 ) (160 0 117.761719 ) (128 0 117.761719 ) 
4 49 50 (0 305.997101 235.996017 ) (160 305.997101 235.996017 ) (160 135.534317 117.761719 ) (0 135.534317 117.761719 ) 
3 50 76 (0 306 236 ) (0 249.886902 117.761719 ) (0 135.531494 117.761719 ) 
4 50 55 (0 135.531479 117.761719 ) (0 249.886887 117.761719 ) (128 249.886902 117.761719 ) (128 135.531494 117.761719 ) 
4 50 54 (128 249.886902 117.761719 ) (160 249.886902 117.761719 ) (160 135.531494 117.761719 ) (128 135.531494 117.761719 ) 
4 50 53 (160 305.848053 235.680023 ) (160 249.886780 117.761719 ) (0 249.886780 117.761719 ) (0 305.848022 235.680023 ) 
4 50 51 (160 306 236 ) (160 305.848053 235.680023 ) (0 305.848022 235.680023 ) (0 306 236 ) 
5 51 72 (0 362 354 ) (0 362.002625 354 ) (0 485.647034 353.280029 ) (0 485.647034 235.680023 ) (0 305.848145 235.680023 ) 
4 51 52 (160 305.849609 235.680023 ) (0 305.849609 235.680023 ) (0 485.647034 235.680023 ) (160 485.647034 235.680023 ) 
4 52 73 (0 485.647034 235.680023 ) (0 485.647034 117.761719 ) (0 310.587952 117.761719 ) (0 306.012421 235.680023 ) 
4 52 55 (0 310.587952 117.761719 ) (0 485.647034 117.761719 ) (128 485.647034 117.761719 ) (128 310.587952 117.761719 ) 
4 52 54 (128 485.647034 117.761719 ) (160 485.647034 117.761719 ) (160 310.587952 117.761719 ) (128 310.587952 117.761719 ) 
4 52 53 (0 310.587738 117.761719 ) (160 310.587738 117.761719 ) (160 306.012207 235.680023 ) (0 306.012207 235.680023 ) 
4 53 76 (0 310.587952 117.761719 ) (0 249.886902 117.761719 ) (0 305.848145 235.680023 ) (0 306.012421 235.680023 ) 
4 53 55 (0 249.886887 117.761719 ) (0 310.587952 117.761719 ) (128 310.587952 117.761719 ) (128 249.886902 117.761719 ) 
4 53 54 (128 310.587952 117.761719 ) (160 310.587952 117.761719 ) (160 249.886902 117.761719 ) (128 249.886902 117.761719 ) 
4 54 127 (128 0 0 ) (192 0 0 ) (192 0 117.761719 ) (128 0 117.761719 ) 
4 54 57 (128 135.529022 0 ) (128 0 0 ) (128 0 72.175537 ) (128 135.529022 117.760002 ) 
4 54 56 (128 0 72.175537 ) (128 0 117.761719 ) (128 135.529022 117.761719 ) (128 135.529022 117.760002 ) 
4 54 55 (128 1024 0 ) (128 135.529022 0 ) (128 135.529022 117.761719 ) (128 1024 117.761719 ) 
4 55 78 (0 135.529022 117.761719 ) (0 1024 117.761719 ) (0 1024 0 ) (0 135.529022 0 ) 
4 55 57 (0 135.529022 0 ) (128 135.529022 0 ) (128 135.529022 117.761719 ) (0 135.529022 117.761719 ) 
4 56 144 (0 0 117.761719 ) (0 0 72.175537 ) (128 0 72.175537 ) (128 0 117.761719 ) 
4 56 79 (0 0 72.175537 ) (0 0 117.761719 ) (0 135.529022 117.761719 ) (0 135.529022 117.760002 ) 
4 56 57 (0 135.529022 117.758789 ) (128 135.529022 117.758789 ) (128 0 72.174316 ) (0 0 72.174316 ) 
4 57 145 (0 0 72.175537 ) (0 0 0 ) (128 0 0 ) (128 0 72.175537 ) 
4 57 80 (0 0 0 ) (0 0 72.175537 ) (0 135.529022 117.760002 ) (0 135.529022 0 ) 
4 58 82 (-1024 1024 0 ) (-1024 1024 2048 ) (-1024 1536 2048 ) (-1024 1536 0 ) 
4 58 78 (0 1024 0 ) (0 1024 117.761719 ) (-128 1024 117.761719 ) (-128 1024 0 ) 
4 58 81 (-128 1024 117.761719 ) (-1024 1024 117.761719 ) (-1024 1024 0 ) (-128 1024 0 ) 
4 58 69 (0 1024 117.761719 ) (0 1024 354 ) (-64 1024 354 ) (-64 1024 117.761719 ) 
4 58 74 (-64 1024 354 ) (-1024 1024 354 ) (-1024 1024 117.761719 ) (-64 1024 117.761719 ) 
4 58 59 (0 1024 354 ) (0 1024 2048 ) (-32 1024 2048 ) (-32 1024 354 ) 
4 58 68 (-32 1024 2048 ) (-1024 1024 2048 ) (-1024 1024 354 ) (-32 1024 354 ) 
4 59 69 (0 1024 354 ) (0 544 354 ) (-32 544 354 ) (-32 1024 354 ) 
4 59 62 (-32 544 471.040009 ) (-32 544 354 ) (0 544 354 ) (0 544 471.040009 ) 
4 59 61 (-32 544 588.799988 ) (-32 544 471.040009 ) (0 544 471.040009 ) (0 544 588.799988 ) 
4 59 60 (-32 544 2048 ) (-32 544 588.799988 ) (0 544 588.799988 ) (0 544 2048 ) 
4 59 68 (-32 1024 354 ) (-32 544 354 ) (-32 544 2048 ) (-32 1024 2048 ) 
4 60 148 (0 0 588.799988 ) (0 0 2048 ) (-32 0 2048 ) (-32 0 588.799988 ) 
4 60 67 (-32 310.588043 588.799988 ) (-32 362 588.799988 ) (0 362 588.799988 ) (0 310.588043 588.799988 ) 
4 60 66 (-32 0 588.799988 ) (-32 310.588043 588.799988 ) (0 310.588043 588.799988 ) (0 0 588.799988 ) 
4 60 64 (-32 362 588.799988 ) (-32 485.647034 588.799988 ) (0 485.647034 588.799988 ) (0 362 588.799988 ) 
4 60 61 (-32 485.647034 588.799988 ) (-32 544 588.799988 ) (0 544 588.799988 ) (0 485.647034 588.799988 ) 
4 60 68 (-32 0 588.799988 ) (-32 0 2048 ) (-32 544 2048 ) (-32 544 588.799988 ) 
4 61 64 (0 485.647034 588.799988 ) (-32 485.647034 588.799988 ) (-32 485.647034 471.040009 ) (0 485.647034 471.040009 ) 
4 61 68 (-32 485.647034 471.040009 ) (-32 485.647034 588.799988 ) (-32 544 588.799988 ) (-32 544 471.040009 ) 
4 61 62 (0 485.647034 471.040009 ) (-32 485.647034 471.040009 ) (-32 544 471.040009 ) (0 544 471.040009 ) 
4 62 69 (0 544 354 ) (0 485.647034 354 ) (-32 485.647034 354 ) (-32 544 354 ) 
4 62 65 (-32 485.647034 471.040009 ) (-32 485.647034 354 ) (0 485.647034 354 ) (0 485.647034 471.040009 ) 
4 62 68 (-32 544 354 ) (-32 485.647034 354 ) (-32 485.647034 471.040009 ) (-32 544 471.040009 ) 
4 63 66 (-32 362 473.247620 ) (-32 362 471.040009 ) (0 362 471.040009 ) (0 362 473.247620 ) 
4 63 65 (0 362 471.040009 ) (-32 362 471.040009 ) (-32 362.982208 471.040009 ) (0 362.982208 471.040009 ) 
3 63 68 (-32 362 471.040009 ) (-32 362 473.247620 ) (-32 362.982208 471.040009 ) 
4 63 64 (0 362.980469 471.040009 ) (-32 362.980469 471.040009 ) (-32 362 473.242950 ) (0 362 473.242950 ) 
4 64 67 (0 362 588.799988 ) (-32 362 588.799988 ) (-32 362 473.247620 ) (0 362 473.247620 ) 
4 64 65 (-32 362.982208 471.040009 ) (-32 485.647034 471.040009 ) (0 485.647034 471.040009 ) (0 362.982208 471.040009 ) 
5 64 68 (-32 362 473.247620 ) (-32 362 588.799988 ) (-32 485.647034 588.799988 ) (-32 485.647034 471.040009 ) (-32 362.982208 471.040009 ) 
4 65 70 (0 485.647034 354 ) (0 362 354 ) (-32 362 354 ) (-32 485.647034 354 ) 
4 65 66 (-32 362 471.040009 ) (-32 362 354 ) (0 362 354 ) (0 362 471.040009 ) 
4 65 68 (-32 485.647034 354 ) (-32 362 354 ) (-32 362 471.040009 ) (-32 485.647034 471.040009 ) 
4 66 148 (0 0 354 ) (0 0 588.799988 ) (-32 0 588.799988 ) (-32 0 354 ) 
4 66 75 (0 301.421295 354 ) (0 0 354 ) (-32 0 354 ) (-32 301.421295 354 ) 
4 66 71 (0 362 354 ) (0 301.421295 354 ) (-32 301.421295 354 ) (-32 362 354 ) 
5 66 68 (-32 362 354 ) (-32 0 354 ) (-32 0 588.799988 ) (-32 310.588043 588.799988 ) (-32 362 473.247620 ) 
4 66 67 (0 362 473.246094 ) (-32 362 473.246094 ) (-32 310.587616 588.799988 ) (0 310.587616 588.799988 ) 
3 67 68 (-32 310.588043 588.799988 ) (-32 362 588.799988 ) (-32 362 473.247620 ) 
4 68 148 (-32 0 2048 ) (-128 0 2048 ) (-128 0 354 ) (-32 0 354 ) 
4 68 150 (-128 0 2048 ) (-1024 0 2048 ) (-1024 0 354 ) (-128 0 354 ) 
4 68 83 (-1024 0 354 ) (-1024 0 2048 ) (-1024 1024 2048 ) (-1024 1024 354 ) 
4 68 75 (-32 0 354 ) (-96 0 354 ) (-96 301.421265 354 ) (-32 301.421265 354 ) 
4 68 77 (-96 0 354 ) (-1024 0 354 ) (-1024 301.421295 354 ) (-96 301.421265 354 ) 
4 68 71 (-32 362.001770 354 ) (-32 301.421265 354 ) (-64 301.421265 354 ) (-64 362.001770 354 ) 
4 68 70 (-32 485.647034 354 ) (-32 362.001770 354 ) (-64 362.001770 354 ) (-64 485.647034 354 ) 
4 68 69 (-64 1024 354 ) (-32 1024 354 ) (-32 485.647034 354 ) (-64 485.647034 354 ) 
4 68 74 (-1024 301.421295 354 ) (-1024 1024 354 ) (-64 1024 354 ) (-64 301.421265 354 ) 
4 69 78 (-64 1024 117.761719 ) (0 1024 117.761719 ) (0 485.647034 117.761719 ) (-64 485.647034 117.761719 ) 
4 69 72 (-64 485.647034 353.280029 ) (-64 485.647034 235.680023 ) (0 485.647034 235.680023 ) (0 485.647034 353.280029 ) 
4 69 70 (-64 485.647034 354 ) (-64 485.647034 353.280029 ) (0 485.647034 353.280029 ) (0 485.647034 354 ) 
4 69 73 (-64 485.647034 235.680023 ) (-64 485.647034 117.761719 ) (0 485.647034 117.761719 ) (0 485.647034 235.680023 ) 
4 69 74 (-64 1024 117.761719 ) (-64 485.647034 117.761719 ) (-64 485.647034 354 ) (-64 1024 354 ) 
4 70 72 (0 362.011017 354 ) (-64 362.011017 354 ) (-64 485.647034 353.280060 ) (0 485.647034 353.280060 ) 
3 70 74 (-64 362.002258 354 ) (-64 485.647034 354 ) (-64 485.647034 353.280029 ) 
4 71 75 (0 306 236 ) (0 301.421326 354 ) (-64 301.421326 354 ) (-64 306 236 ) 
3 71 74 (-64 306 236.001358 ) (-64 301.421967 354 ) (-64 362 354 ) 
4 71 72 (0 306 236 ) (-64 306 236 ) (-64 362 354 ) (0 362 354 ) 
4 72 76 (0 306.012390 235.680023 ) (0 306 236 ) (-64 306 236 ) (-64 306.012390 235.680023 ) 
6 72 74 (-64 306.013092 235.680023 ) (-64 306 236.001358 ) (-64 362 354 ) (-64 362.002258 354 ) (-64 485.647034 353.280029 ) (-64 485.647034 235.680023 ) 
4 72 73 (0 306.011719 235.680023 ) (-64 306.011719 235.680023 ) (-64 485.647034 235.680023 ) (0 485.647034 235.680023 ) 
4 73 78 (0 485.647034 117.761719 ) (0 310.587952 117.761719 ) (-64 310.587952 117.761719 ) (-64 485.647034 117.761719 ) 
4 73 76 (-64 310.587891 117.761719 ) (0 310.587891 117.761719 ) (0 306.012390 235.680023 ) (-64 306.012390 235.680023 ) 
4 73 74 (-64 485.647034 117.761719 ) (-64 310.588623 117.761719 ) (-64 306.013092 235.680023 ) (-64 485.647034 235.680023 ) 
4 74 83 (-1024 301.421295 354 ) (-1024 1024 354 ) (-1024 1024 117.761719 ) (-1024 310.587952 117.761719 ) 
4 74 78 (-128 1024 117.761719 ) (-64 1024 117.761719 ) (-64 310.587952 117.761719 ) (-128 310.587952 117.761719 ) 
4 74 81 (-1024 310.587952 117.761719 ) (-1024 1024 117.761719 ) (-128 1024 117.761719 ) (-128 310.587952 117.761719 ) 
4 74 76 (-96 310.587891 117.761719 ) (-64 310.587891 117.761719 ) (-64 306 236 ) (-96 306 236 ) 
4 74 75 (-64 306 236 ) (-64 301.421326 354 ) (-96 301.421326 354 ) (-96 306 236 ) 
4 74 77 (-1024 310.587891 117.761719 ) (-96 310.587891 117.761719 ) (-96 301.421326 354 ) (-1024 301.421326 354 ) 
4 75 148 (0 0 117.761719 ) (0 0 354 ) (-96 0 354 ) (-96 0 117.761719 ) 
4 75 79 (0 0 117.761719 ) (-96 0 117.761719 ) (-96 135.531479 117.761719 ) (0 135.531494 117.761719 ) 
5 75 77 (-96 301.422119 354 ) (-96 306 236 ) (-96 135.531479 117.761719 ) (-96 0 117.761719 ) (-96 0 354 ) 
4 75 76 (0 135.535156 117.761719 ) (-96 135.535156 117.761719 ) (-96 306.003906 236 ) (0 306.003906 236 ) 
4 76 78 (-96 135.531479 117.761719 ) (-96 310.587952 117.761719 ) (0 310.587952 117.761719 ) (0 135.531494 117.761719 ) 
3 76 77 (-96 306 236 ) (-96 310.588867 117.761719 ) (-96 135.531479 117.761719 ) 
4 77 148 (-96 0 354 ) (-128 0 354 ) (-128 0 117.761719 ) (-96 0 117.761719 ) 
4 77 150 (-128 0 354 ) (-1024 0 354 ) (-1024 0 117.761719 ) (-128 0 117.761719 ) 
4 77 83 (-1024 0 117.761719 ) (-1024 0 354 ) (-1024 301.421295 354 ) (-1024 310.587952 117.761719 ) 
4 77 79 (-96 0 117.761719 ) (-128 0 117.761719 ) (-128 135.529022 117.761719 ) (-96 135.529022 117.761719 ) 
4 77 78 (-128 135.529022 117.761719 ) (-128 310.587952 117.761719 ) (-96 310.587952 117.761719 ) (-96 135.529022 117.761719 ) 
4 77 81 (-128 0 117.761719 ) (-1024 0 117.761719 ) (-1024 310.587952 117.761719 ) (-128 310.587952 117.761719 ) 
4 78 80 (-128 135.529022 117.761719 ) (-128 135.529022 0 ) (0 135.529022 0 ) (0 135.529022 117.761719 ) 
4 78 81 (-128 1024 0 ) (-128 135.529022 0 ) (-128 135.529022 117.761719 ) (-128 1024 117.761719 ) 
4 79 148 (0 0 72.175537 ) (0 0 117.761719 ) (-128 0 117.761719 ) (-128 0 72.175537 ) 
4 79 81 (-128 0 72.175537 ) (-128 0 117.761719 ) (-128 135.529022 117.761719 ) (-128 135.529022 117.760002 ) 
4 79 80 (-128 0 72.175034 ) (-128 135.529022 117.758789 ) (0 135.529022 117.758789 ) (0 0 72.175026 ) 
4 80 149 (0 0 0 ) (0 0 72.175537 ) (-128 0 72.175537 ) (-128 0 0 ) 
4 80 81 (-128 135.529022 0 ) (-128 0 0 ) (-128 0 72.175537 ) (-128 135.529022 117.760002 ) 
4 81 150 (-128 0 117.761719 ) (-1024 0 117.761719 ) (-1024 0 0 ) (-128 0 0 ) 
4 81 83 (-1024 0 0 ) (-1024 0 117.761719 ) (-1024 1024 117.761719 ) (-1024 1024 0 ) 
4 82 83 (-1024 1024 0 ) (-1024 1024 2048 ) (-1536 1024 2048 ) (-1536 1024 0 ) 
4 83 151 (-1024 0 0 ) (-1024 0 2048 ) (-1536 0 2048 ) (-1536 0 0 ) 
4 84 146 (1536 -1024 0 ) (1536 -1024 2048 ) (1024 -1024 2048 ) (1024 -1024 0 ) 
4 84 128 (1024 -389.647034 354 ) (1024 -39.525379 354 ) (1024 -39.525379 0 ) (1024 -389.647034 0 ) 
4 84 143 (1024 -1024 0 ) (1024 -1024 354 ) (1024 -389.647034 354 ) (1024 -389.647034 0 ) 
4 84 124 (1024 -39.525379 354 ) (1024 0 354 ) (1024 0 0 ) (1024 -39.525379 0 ) 
4 84 86 (1024 -1024 354 ) (1024 -1024 738 ) (1024 0 738 ) (1024 0 354 ) 
4 84 85 (1024 -1024 738 ) (1024 -1024 2048 ) (1024 0 2048 ) (1024 0 738 ) 
4 85 148 (0 0 2048 ) (0 0 738 ) (0 -1024 738 ) (0 -1024 2048 ) 
4 85 147 (1024 -1024 738 ) (1024 -1024 2048 ) (0 -1024 2048 ) (0 -1024 738 ) 
4 85 114 (64 -266 738 ) (320 -266 738 ) (320 -448 738 ) (64 -448 738 ) 
4 85 122 (0 -448 738 ) (0 -266 738 ) (64 -266 738 ) (64 -448 738 ) 
4 85 94 (0 -266 738 ) (0 -214 738 ) (288 -214 738 ) (288 -266 738 ) 
4 85 93 (0 -214 738 ) (0 0 738 ) (288 0 738 ) (288 -214 738 ) 
4 85 90 (288 0 738 ) (320 0 738 ) (320 -266 738 ) (288 -266 738 ) 
4 85 88 (352 -266 738 ) (352 -448 738 ) (320 -448 738 ) (320 -266 738 ) 
4 85 87 (320 0 738 ) (352 0 738 ) (352 -266 738 ) (320 -266 738 ) 
4 85 123 (352 -1024 738 ) (0 -1024 738 ) (0 -448 738 ) (352 -448 738 ) 
4 85 86 (1024 -1024 738 ) (352 -1024 738 ) (352 0 738 ) (1024 0 738 ) 
4 86 147 (1024 -1024 354 ) (1024 -1024 738 ) (352 -1024 738 ) (352 -1024 354 ) 
4 86 134 (352 -203.423355 354 ) (352 -39.525379 354 ) (384 -39.525379 354 ) (384 -203.423340 354 ) 
4 86 133 (352 -265.997314 354 ) (352 -203.423355 354 ) (384 -203.423340 354 ) (384 -265.997314 354 ) 
4 86 131 (384 -39.525379 354 ) (416 -39.525379 354 ) (416 -203.423340 354 ) (384 -203.423355 354 ) 
4 86 130 (416 -203.423340 354 ) (416 -265.997314 354 ) (384 -265.997314 354 ) (384 -203.423355 354 ) 
4 86 129 (416 -389.647034 354 ) (352 -389.647034 354 ) (352 -265.997314 354 ) (416 -265.997314 354 ) 
4 86 128 (1024 -39.525379 354 ) (1024 -389.647034 354 ) (416 -389.647034 354 ) (416 -39.525379 354 ) 
4 86 143 (1024 -389.647034 354 ) (1024 -1024 354 ) (352 -1024 354 ) (352 -389.647034 354 ) 
4 86 125 (352 0 354 ) (448 0 354 ) (448 -39.525379 354 ) (352 -39.525379 354 ) 
4 86 124 (448 0 354 ) (1024 0 354 ) (1024 -39.525379 354 ) (448 -39.525379 354 ) 
4 86 89 (352 -266 354 ) (352 -448 354 ) (352 -448 471.040009 ) (352 -266 471.040009 ) 
4 86 88 (352 -448 471.040009 ) (352 -448 738 ) (352 -266 738 ) (352 -266 471.040009 ) 
4 86 87 (352 0 354 ) (352 -266 354 ) (352 -266 738 ) (352 0 738 ) 
4 86 123 (352 -448 354 ) (352 -1024 354 ) (352 -1024 738 ) (352 -448 738 ) 
4 87 134 (352 -39.525379 354 ) (352 -203.423340 354 ) (320 -203.423340 354 ) (320 -39.525379 354 ) 
4 87 133 (352 -203.423340 354 ) (352 -266 354 ) (320 -266 354 ) (320 -203.423340 354 ) 
4 87 125 (320 0 354 ) (352 0 354 ) (352 -39.525379 354 ) (320 -39.525379 354 ) 
4 87 92 (320 -266 471.026703 ) (320 -266 588.799988 ) (320 -214.587952 588.799988 ) (320 -265.988312 471.026703 ) 
4 87 91 (320 -214.587952 588.799988 ) (320 0 588.799988 ) (320 0 471.026703 ) (320 -265.988312 471.026703 ) 
4 87 90 (320 -266 588.799988 ) (320 -266 738 ) (320 0 738 ) (320 0 588.799988 ) 
4 87 113 (320 0 354 ) (320 -266 354 ) (320 -266 471.026703 ) (320 0 471.026703 ) 
4 87 89 (320 -266 471.040009 ) (320 -266 354 ) (352 -266 354 ) (352 -266 471.040009 ) 
4 87 88 (320 -266 738 ) (320 -266 471.040009 ) (352 -266 471.040009 ) (352 -266 738 ) 
4 88 117 (320 -448 471.040009 ) (320 -448 588.799988 ) (320 -389.647034 588.799988 ) (320 -389.647034 471.040009 ) 
4 88 115 (320 -389.647034 588.799988 ) (320 -266 588.799988 ) (320 -266 471.040009 ) (320 -389.647034 471.040009 ) 
4 88 114 (320 -448 588.799988 ) (320 -448 738 ) (320 -266 738 ) (320 -266 588.799988 ) 
4 88 123 (352 -448 471.040009 ) (352 -448 738 ) (320 -448 738 ) (320 -448 471.040009 ) 
4 88 89 (352 -448 471.040009 ) (320 -448 471.040009 ) (320 -266 471.040009 ) (352 -266 471.040009 ) 
4 89 129 (352 -266 354 ) (352 -389.647034 354 ) (320 -389.647034 354 ) (320 -266 354 ) 
4 89 143 (352 -389.647034 354 ) (352 -448 354 ) (320 -448 354 ) (320 -389.647034 354 ) 
4 89 118 (320 -389.647034 354 ) (320 -448 354 ) (320 -448 471.040009 ) (320 -389.647034 471.040009 ) 
4 89 116 (320 -266 354 ) (320 -389.647034 354 ) (320 -389.647034 471.040009 ) (320 -266 471.040009 ) 
4 89 123 (320 -448 354 ) (352 -448 354 ) (352 -448 471.040009 ) (320 -448 471.040009 ) 
4 90 114 (320 -266 588.799988 ) (320 -266 738 ) (288 -266 738 ) (288 -266 588.799988 ) 
4 90 106 (288 -266 588.799988 ) (288 -266 708 ) (288 -216 708 ) (288 -216 588.799988 ) 
4 90 102 (288 -216 708 ) (288 -214 708 ) (288 -214 588.799988 ) (288 -216 588.799988 ) 
5 90 98 (288 -214 708 ) (288 -29 708 ) (288 -29 706.353027 ) (288 -29.554424 706 ) (288 -214 706 ) 
3 90 97 (288 -29 708 ) (288 -26.413315 708 ) (288 -29 706.353027 ) 
4 90 99 (288 -29.554424 706 ) (288 -213.623505 588.799988 ) (288 -214 588.799988 ) (288 -214 706 ) 
4 90 96 (288 0 706 ) (288 0 588.799988 ) (288 -213.623505 588.799988 ) (288 -29.554428 706 ) 
4 90 95 (288 -26.413315 708 ) (288 0 708 ) (288 0 706 ) (288 -29.554428 706 ) 
4 90 94 (288 -266 708 ) (288 -266 738 ) (288 -214 738 ) (288 -214 708 ) 
4 90 93 (288 -214 738 ) (288 0 738 ) (288 0 708 ) (288 -214 708 ) 
4 90 92 (320 -266 588.799988 ) (288 -266 588.799988 ) (288 -214.587952 588.799988 ) (320 -214.587952 588.799988 ) 
4 90 91 (288 -214.587952 588.799988 ) (288 0 588.799988 ) (320 0 588.799988 ) (320 -214.587952 588.799988 ) 
3 91 107 (288 -216 471.026703 ) (288 -265.988312 471.026703 ) (288 -216 585.564575 ) 
4 91 103 (288 -214.959061 587.949646 ) (288 -214.587952 588.799988 ) (288 -214 588.799988 ) (288 -214 588.560242 ) 
5 91 100 (288 -214 471.026703 ) (288 -216 471.026703 ) (288 -216 585.564575 ) (288 -214.959061 587.949646 ) (288 -214 588.560242 ) 
3 91 99 (288 -214 588.560242 ) (288 -214 588.799988 ) (288 -213.623505 588.799988 ) 
5 91 96 (288 0 471.026703 ) (288 -214 471.026703 ) (288 -214 588.560242 ) (288 -213.623505 588.799988 ) (288 0 588.799988 ) 
4 91 113 (320 -266 471.026703 ) (288 -266 471.026703 ) (288 0 471.026703 ) (320 0 471.026703 ) 
4 91 92 (320 -214.585938 588.799988 ) (288 -214.585938 588.799988 ) (288 -265.986267 471.026703 ) (320 -265.986267 471.026703 ) 
4 92 115 (320 -266 471.026703 ) (320 -266 588.799988 ) (288 -266 588.799988 ) (288 -266 471.026703 ) 
5 92 108 (288 -265.988312 471.026703 ) (288 -266 471.026703 ) (288 -266 588.799988 ) (288 -216 588.799988 ) (288 -216 585.564575 ) 
4 92 104 (288 -216 588.799988 ) (288 -214.587952 588.799988 ) (288 -214.937088 588 ) (288 -216 588 ) 
4 92 105 (288 -214.937088 588 ) (288 -214.959061 587.949646 ) (288 -216 587.286865 ) (288 -216 588 ) 
3 92 101 (288 -214.959061 587.949646 ) (288 -216 585.564575 ) (288 -216 587.286865 ) 
4 93 148 (0 0 738 ) (0 0 708 ) (0 -214 708 ) (0 -214 738 ) 
4 93 98 (288 -29 708 ) (288 -214 708 ) (0 -214 708 ) (0 -29 708 ) 
4 93 97 (288 -26.413324 708 ) (288 -29 708 ) (0 -29 708 ) (0 -26.413315 708 ) 
4 93 95 (288 0 708 ) (288 -26.413324 708 ) (0 -26.413315 708 ) (0 0 708 ) 
4 93 94 (0 -214 708 ) (288 -214 708 ) (288 -214 738 ) (0 -214 738 ) 
4 94 148 (0 -214 708 ) (0 -266 708 ) (0 -266 738 ) (0 -214 738 ) 
4 94 114 (288 -266 738 ) (64 -266 738 ) (64 -266 708 ) (288 -266 708 ) 
4 94 122 (64 -266 738 ) (0 -266 738 ) (0 -266 708 ) (64 -266 708 ) 
4 94 110 (0 -216 708 ) (0 -214 708 ) (64 -214 708 ) (64 -216 708 ) 
4 94 112 (64 -266 708 ) (0 -266 708 ) (0 -216 708 ) (64 -216 708 ) 
4 94 106 (288 -216 708 ) (288 -266 708 ) (64 -266 708 ) (64 -216 708 ) 
4 94 102 (288 -214 708 ) (288 -216 708 ) (64 -216 708 ) (64 -214 708 ) 
4 95 148 (0 0 708 ) (0 0 706 ) (0 -29.554428 706 ) (0 -26.413315 708 ) 
4 95 98 (0 -29 706.353638 ) (0 -29.555408 706 ) (288 -29.555405 706 ) (288 -29 706.353638 ) 
4 95 97 (288 -26.414291 708 ) (0 -26.414307 708 ) (0 -29 706.353638 ) (288 -29 706.353638 ) 
4 95 96 (288 -29.546858 706 ) (0 -29.546875 706 ) (0 0 706 ) (288 0 706 ) 
5 96 148 (0 0 706 ) (0 0 471.026703 ) (0 -214 471.026703 ) (0 -214 588.560242 ) (0 -29.554428 706 ) 
4 96 109 (64 -214 588 ) (64 -214 588.560242 ) (0 -214 588.560242 ) (0 -214 588 ) 
4 96 111 (0 -214 471.026703 ) (64 -214 471.026703 ) (64 -214 588 ) (0 -214 588 ) 
4 96 100 (64 -214 471.026703 ) (288 -214 471.026703 ) (288 -214 588.560242 ) (64 -214 588.560242 ) 
4 96 99 (0 -29.555408 706 ) (0 -214 588.560547 ) (288 -214 588.560547 ) (288 -29.555405 706 ) 
4 96 113 (0 -214 471.026703 ) (0 0 471.026703 ) (288 0 471.026703 ) (288 -214 471.026703 ) 
3 97 148 (0 -29 708 ) (0 -26.413315 708 ) (0 -29 706.353027 ) 
4 97 98 (0 -29 706.352295 ) (288 -29 706.352295 ) (288 -29 708 ) (0 -29 708 ) 
5 98 148 (0 -214 706 ) (0 -214 708 ) (0 -29 708 ) (0 -29 706.353027 ) (0 -29.554424 706 ) 
4 98 110 (64 -214 708 ) (0 -214 708 ) (0 -214 706 ) (64 -214 706 ) 
4 98 102 (288 -214 706 ) (288 -214 708 ) (64 -214 708 ) (64 -214 706 ) 
4 98 99 (288 -214 706 ) (0 -214 706 ) (0 -29.546875 706 ) (288 -29.546858 706 ) 
3 99 148 (0 -214 588.560242 ) (0 -214 706 ) (0 -29.554424 706 ) 
4 99 110 (64 -214 706 ) (0 -214 706 ) (0 -214 588.560242 ) (64 -214 588.560242 ) 
4 99 103 (288 -214 588.560242 ) (288 -214 588.799988 ) (64 -214 588.799988 ) (64 -214 588.560242 ) 
4 99 102 (288 -214 588.799988 ) (288 -214 706 ) (64 -214 706 ) (64 -214 588.799988 ) 
3 100 109 (64 -214 588.560242 ) (64 -214 588 ) (64 -214.879944 588 ) 
6 100 111 (64 -214 588 ) (64 -214 471.026703 ) (64 -216 471.026703 ) (64 -216 585.564575 ) (64 -214.959122 587.949585 ) (64 -214.879944 588 ) 
4 100 107 (64 -216 585.564575 ) (64 -216 471.026703 ) (288 -216 471.026703 ) (288 -216 585.564575 ) 
4 100 103 (288 -214 588.562500 ) (64 -214 588.562500 ) (64 -214.957779 587.952637 ) (288 -214.957779 587.952637 ) 
4 100 113 (64 -216 471.026703 ) (64 -214 471.026703 ) (288 -214 471.026703 ) (288 -216 471.026703 ) 
4 100 101 (64 -216 585.563232 ) (288 -216 585.563232 ) (288 -214.959961 587.945313 ) (64 -214.959961 587.945313 ) 
3 101 111 (64 -216 585.564575 ) (64 -216 587.286865 ) (64 -214.959122 587.949585 ) 
4 101 108 (64 -216 587.286865 ) (64 -216 585.564575 ) (288 -216 585.564575 ) (288 -216 587.286865 ) 
4 101 105 (64 -214.957779 587.952637 ) (64 -216 587.289063 ) (288 -216 587.289063 ) (288 -214.957779 587.952637 ) 
4 102 110 (64 -214 708 ) (64 -214 588.799988 ) (64 -216 588.799988 ) (64 -216 708 ) 
4 102 106 (64 -216 708 ) (64 -216 588.799988 ) (288 -216 588.799988 ) (288 -216 708 ) 
4 102 104 (288 -216 588.799988 ) (64 -216 588.799988 ) (64 -214.587967 588.799988 ) (288 -214.587967 588.799988 ) 
4 102 103 (64 -214.587967 588.799988 ) (64 -214 588.799988 ) (288 -214 588.799988 ) (288 -214.587967 588.799988 ) 
5 103 110 (64 -214 588.799988 ) (64 -214 588.560242 ) (64 -214.879929 588 ) (64 -214.937134 588 ) (64 -214.587967 588.799988 ) 
4 103 104 (64 -214.935318 588 ) (288 -214.935318 588 ) (288 -214.585938 588.799988 ) (64 -214.585938 588.799988 ) 
4 104 110 (64 -214.937134 588 ) (64 -216 588 ) (64 -216 588.799988 ) (64 -214.587967 588.799988 ) 
4 104 108 (64 -216 588.799988 ) (64 -216 588 ) (288 -216 588 ) (288 -216 588.799988 ) 
4 104 105 (288 -216 588 ) (64 -216 588 ) (64 -214.880859 588 ) (288 -214.880859 588 ) 
3 105 111 (64 -214.879929 588 ) (64 -216 587.286865 ) (64 -216 588 ) 
4 105 108 (64 -216 588 ) (64 -216 587.286865 ) (288 -216 587.286865 ) (288 -216 588 ) 
4 106 114 (288 -266 588.799988 ) (288 -266 708 ) (64 -266 708 ) (64 -266 588.799988 ) 
4 106 112 (64 -266 588.799988 ) (64 -266 708 ) (64 -216 708 ) (64 -216 588.799988 ) 
4 106 108 (64 -266 588.799988 ) (64 -216 588.799988 ) (288 -216 588.799988 ) (288 -266 588.799988 ) 
3 107 112 (64 -216 471.026703 ) (64 -265.988312 471.026703 ) (64 -216 585.564636 ) 
4 107 113 (288 -266 471.026703 ) (64 -266 471.026703 ) (64 -216 471.026703 ) (288 -216 471.026703 ) 
4 107 108 (288 -265.984375 471.026703 ) (288 -216 585.559265 ) (64 -216 585.559265 ) (64 -265.985992 471.026703 ) 
4 108 119 (64 -266 471.026703 ) (96 -266 471.026703 ) (96 -266 588.799988 ) (64 -266 588.799988 ) 
4 108 115 (96 -266 471.026703 ) (288 -266 471.026703 ) (288 -266 588.799988 ) (96 -266 588.799988 ) 
5 108 112 (64 -265.988312 471.026703 ) (64 -266 471.026703 ) (64 -266 588.799988 ) (64 -216 588.799988 ) (64 -216 585.564636 ) 
3 109 148 (0 -214 588.560242 ) (0 -214 588 ) (0 -214.879944 588 ) 
4 109 111 (0 -214.879944 588 ) (0 -214 588 ) (64 -214 588 ) (64 -214.879944 588 ) 
4 109 110 (0 -214.880859 588 ) (64 -214.880859 588 ) (64 -214 588.560852 ) (0 -214 588.560852 ) 
5 110 148 (0 -216 588 ) (0 -216 708 ) (0 -214 708 ) (0 -214 588.560242 ) (0 -214.879944 588 ) 
4 110 111 (64 -216 588 ) (0 -216 588 ) (0 -214.879944 588 ) (64 -214.879944 588 ) 
4 110 112 (64 -216 588 ) (64 -216 708 ) (0 -216 708 ) (0 -216 588 ) 
4 111 148 (0 -214 471.026703 ) (0 -216 471.026703 ) (0 -216 588 ) (0 -214 588 ) 
4 111 112 (0 -216 471.026703 ) (64 -216 471.026703 ) (64 -216 588 ) (0 -216 588 ) 
4 111 113 (0 -216 471.026703 ) (0 -214 471.026703 ) (64 -214 471.026703 ) (64 -216 471.026703 ) 
4 112 148 (0 -216 471.026703 ) (0 -266 471.026703 ) (0 -266 708 ) (0 -216 708 ) 
4 112 122 (0 -266 708 ) (0 -266 471.026703 ) (64 -266 471.026703 ) (64 -266 708 ) 
4 112 113 (64 -266 471.026703 ) (0 -266 471.026703 ) (0 -216 471.026703 ) (64 -216 471.026703 ) 
4 113 148 (0 0 471.026703 ) (0 0 354 ) (0 -266 354 ) (0 -266 471.026703 ) 
4 113 144 (0 -266 354 ) (0 0 354 ) (128 0 354 ) (128 -266 354 ) 
4 113 139 (160 -266 354 ) (128 -266 354 ) (128 -39.525379 354 ) (160 -39.525379 354 ) 
4 113 134 (320 -39.525379 354 ) (320 -203.423340 354 ) (160 -203.423340 354 ) (160 -39.525379 354 ) 
4 113 133 (320 -203.423340 354 ) (320 -266 354 ) (160 -266 354 ) (160 -203.423340 354 ) 
4 113 125 (192 0 354 ) (320 0 354 ) (320 -39.525379 354 ) (192 -39.525379 354 ) 
4 113 127 (128 0 354 ) (192 0 354 ) (192 -39.525379 354 ) (128 -39.525379 354 ) 
4 113 120 (64 -266 354 ) (96 -266 354 ) (96 -266 471.026703 ) (64 -266 471.026703 ) 
4 113 116 (96 -266 354 ) (320 -266 354 ) (320 -266 471.026703 ) (96 -266 471.026703 ) 
4 113 122 (0 -266 354 ) (64 -266 354 ) (64 -266 471.026703 ) (0 -266 471.026703 ) 
4 114 119 (64 -389.647034 588.799988 ) (64 -266 588.799988 ) (96 -266 588.799988 ) (96 -389.647034 588.799988 ) 
4 114 121 (64 -448 588.799988 ) (64 -389.647034 588.799988 ) (96 -389.647034 588.799988 ) (96 -448 588.799988 ) 
4 114 117 (320 -389.647034 588.799988 ) (320 -448 588.799988 ) (96 -448 588.799988 ) (96 -389.647034 588.799988 ) 
4 114 115 (96 -266 588.799988 ) (320 -266 588.799988 ) (320 -389.647034 588.799988 ) (96 -389.647034 588.799988 ) 
4 114 122 (64 -266 738 ) (64 -266 588.799988 ) (64 -448 588.799988 ) (64 -448 738 ) 
4 114 123 (320 -448 588.799988 ) (320 -448 738 ) (64 -448 738 ) (64 -448 588.799988 ) 
4 115 119 (96 -389.647034 588.799988 ) (96 -266 588.799988 ) (96 -266 471.040009 ) (96 -389.647034 471.040009 ) 
4 115 117 (96 -389.647034 588.799988 ) (96 -389.647034 471.040009 ) (320 -389.647034 471.040009 ) (320 -389.647034 588.799988 ) 
4 115 116 (320 -389.647034 471.040009 ) (96 -389.647034 471.040009 ) (96 -266 471.040009 ) (320 -266 471.040009 ) 
4 116 144 (96 -266 354 ) (128 -266 354 ) (128 -389.647034 354 ) (96 -389.647034 354 ) 
4 116 129 (128 -266 354 ) (320 -266 354 ) (320 -389.647034 354 ) (128 -389.647034 354 ) 
4 116 120 (96 -266 471.040009 ) (96 -266 354 ) (96 -389.647034 354 ) (96 -389.647034 471.040009 ) 
4 116 118 (96 -389.647034 471.040009 ) (96 -389.647034 354 ) (320 -389.647034 354 ) (320 -389.647034 471.040009 ) 
4 117 121 (96 -448 471.040009 ) (96 -448 588.799988 ) (96 -389.647034 588.799988 ) (96 -389.647034 471.040009 ) 
4 117 123 (320 -448 471.040009 ) (320 -448 588.799988 ) (96 -448 588.799988 ) (96 -448 471.040009 ) 
4 117 118 (96 -448 471.040009 ) (96 -389.647034 471.040009 ) (320 -389.647034 471.040009 ) (320 -448 471.040009 ) 
4 118 144 (128 -448 354 ) (96 -448 354 ) (96 -389.647034 354 ) (128 -389.647034 354 ) 
4 118 143 (320 -389.647034 354 ) (320 -448 354 ) (128 -448 354 ) (128 -389.647034 354 ) 
4 118 121 (96 -448 354 ) (96 -448 471.040009 ) (96 -389.647034 471.040009 ) (96 -389.647034 354 ) 
4 118 123 (96 -448 354 ) (320 -448 354 ) (320 -448 471.040009 ) (96 -448 471.040009 ) 
4 119 121 (96 -389.647034 471.026703 ) (96 -389.647034 588.799988 ) (64 -389.647034 588.799988 ) (64 -389.647034 471.026703 ) 
4 119 122 (64 -266 588.799988 ) (64 -266 471.026703 ) (64 -389.647034 471.026703 ) (64 -389.647034 588.799988 ) 
4 119 120 (96 -389.647034 471.026703 ) (64 -389.647034 471.026703 ) (64 -266 471.026703 ) (96 -266 471.026703 ) 
4 120 144 (64 -266 354 ) (96 -266 354 ) (96 -389.647034 354 ) (64 -389.647034 354 ) 
4 120 121 (96 -389.647034 354 ) (96 -389.647034 471.026703 ) (64 -389.647034 471.026703 ) (64 -389.647034 354 ) 
4 120 122 (64 -266 471.026703 ) (64 -266 354 ) (64 -389.647034 354 ) (64 -389.647034 471.026703 ) 
4 121 144 (96 -389.647034 354 ) (96 -448 354 ) (64 -448 354 ) (64 -389.647034 354 ) 
4 121 122 (64 -389.647034 354 ) (64 -448 354 ) (64 -448 588.799988 ) (64 -389.647034 588.799988 ) 
4 121 123 (64 -448 354 ) (96 -448 354 ) (96 -448 588.799988 ) (64 -448 588.799988 ) 
4 122 148 (0 -266 354 ) (0 -448 354 ) (0 -448 738 ) (0 -266 738 ) 
4 122 144 (0 -448 354 ) (0 -266 354 ) (64 -266 354 ) (64 -448 354 ) 
4 122 123 (0 -448 354 ) (64 -448 354 ) (64 -448 738 ) (0 -448 738 ) 
4 123 148 (0 -448 354 ) (0 -1024 354 ) (0 -1024 738 ) (0 -448 738 ) 
4 123 147 (352 -1024 738 ) (0 -1024 738 ) (0 -1024 354 ) (352 -1024 354 ) 
4 123 144 (0 -1024 354 ) (0 -448 354 ) (128 -448 354 ) (128 -1024 354 ) 
4 123 143 (128 -448 354 ) (352 -448 354 ) (352 -1024 354 ) (128 -1024 354 ) 
4 124 128 (448 -39.525379 0 ) (1024 -39.525379 0 ) (1024 -39.525379 354 ) (448 -39.525379 354 ) 
4 124 126 (448 0 0 ) (448 -39.525379 0 ) (448 -39.525379 117.758652 ) (448 0 104.464523 ) 
4 124 125 (448 -39.525379 117.758652 ) (448 -39.525379 354 ) (448 0 354 ) (448 0 104.464523 ) 
4 125 134 (384 -39.525379 354 ) (192 -39.525379 354 ) (192 -39.525379 117.758652 ) (384 -39.525379 117.758652 ) 
4 125 131 (416 -39.525379 354 ) (384 -39.525379 354 ) (384 -39.525379 117.758652 ) (416 -39.525379 117.758652 ) 
4 125 128 (448 -39.525379 117.758652 ) (448 -39.525379 354 ) (416 -39.525379 354 ) (416 -39.525379 117.758652 ) 
4 125 127 (192 -39.525379 117.758652 ) (192 -39.525379 354 ) (192 0 354 ) (192 0 104.464523 ) 
4 125 126 (192 -39.525379 117.757813 ) (192 0 104.463676 ) (448 0 104.463692 ) (448 -39.525379 117.757813 ) 
4 126 142 (192 -39.525379 0 ) (416 -39.525379 0 ) (416 -39.525379 117.758652 ) (192 -39.525379 117.758652 ) 
4 126 128 (416 -39.525379 0 ) (448 -39.525379 0 ) (448 -39.525379 117.758652 ) (416 -39.525379 117.758652 ) 
4 126 127 (192 0 0 ) (192 -39.525379 0 ) (192 -39.525379 117.758652 ) (192 0 104.464523 ) 
4 127 145 (128 0 0 ) (128 -39.525379 0 ) (128 -39.525379 58.881390 ) (128 0 72.175537 ) 
4 127 144 (128 -39.525379 58.881390 ) (128 -39.525379 354 ) (128 0 354 ) (128 0 72.175537 ) 
4 127 139 (128 -39.525379 354 ) (128 -39.525379 235.680023 ) (160 -39.525379 235.680023 ) (160 -39.525379 354 ) 
4 127 141 (128 -39.525379 235.680023 ) (128 -39.525379 117.761719 ) (160 -39.525379 117.761719 ) (160 -39.525379 235.680023 ) 
4 127 134 (160 -39.525379 117.761719 ) (192 -39.525379 117.761719 ) (192 -39.525379 354 ) (160 -39.525379 354 ) 
4 127 142 (128 -39.525379 117.761719 ) (128 -39.525379 0 ) (192 -39.525379 0 ) (192 -39.525379 117.761719 ) 
3 128 132 (416 -39.531845 117.761719 ) (416 -214.587891 117.761719 ) (416 -209 236 ) 
5 128 131 (416 -39.525379 354 ) (416 -39.525379 117.761719 ) (416 -39.531845 117.761719 ) (416 -209 236 ) (416 -203.423355 354 ) 
5 128 130 (416 -214.587891 117.761719 ) (416 -389.647034 117.761719 ) (416 -389.647034 353.279968 ) (416 -265.997314 354 ) (416 -203.423355 354 ) 
3 128 129 (416 -389.647034 353.279968 ) (416 -389.647034 354 ) (416 -265.997314 354 ) 
4 128 142 (416 -39.525379 117.761719 ) (416 -39.525379 0 ) (416 -389.647034 0 ) (416 -389.647034 117.761719 ) 
4 128 143 (416 -389.647034 0 ) (1024 -389.647034 0 ) (1024 -389.647034 354 ) (416 -389.647034 354 ) 
3 129 144 (128 -389.647034 353.279968 ) (128 -389.647034 354 ) (128 -265.997314 354 ) 
4 129 140 (160 -389.647034 353.279999 ) (128 -389.647034 353.279999 ) (128 -266.001007 354 ) (160 -266.001007 354 ) 
4 129 136 (384 -389.647034 353.279999 ) (160 -389.647034 353.279999 ) (160 -266.001007 354 ) (384 -266.001007 354 ) 
4 129 130 (416 -266.001007 354 ) (416 -389.647034 353.279999 ) (384 -389.647034 353.279999 ) (384 -266.001007 354 ) 
4 129 143 (128 -389.647034 354 ) (128 -389.647034 353.279999 ) (416 -389.647034 353.279968 ) (416 -389.647034 354 ) 
4 130 137 (384 -214.587891 117.761719 ) (384 -389.647034 117.761719 ) (384 -389.647034 235.680023 ) (384 -209.015106 235.680023 ) 
5 130 136 (384 -389.647034 235.680023 ) (384 -389.647034 353.276001 ) (384 -265.998077 353.996033 ) (384 -209 236 ) (384 -209.015106 235.680023 ) 
4 130 133 (384 -265.998077 353.996033 ) (384 -265.314453 354 ) (384 -203.423340 354 ) (384 -209 236 ) 
4 130 132 (416 -214.588135 117.761719 ) (384 -214.588135 117.761719 ) (384 -209 236 ) (416 -209 236 ) 
4 130 131 (384 -209 236 ) (384 -203.423355 354 ) (416 -203.423355 354 ) (416 -209 236 ) 
4 130 142 (416 -214.587891 117.761719 ) (416 -389.647034 117.761719 ) (384 -389.647034 117.761719 ) (384 -214.587906 117.761719 ) 
4 130 143 (384 -389.647034 117.761719 ) (416 -389.647034 117.761719 ) (416 -389.647034 353.279968 ) (384 -389.647034 353.279968 ) 
5 131 134 (384 -39.525379 117.761719 ) (384 -39.531845 117.761719 ) (384 -209 236 ) (384 -203.423340 354 ) (384 -39.525379 354 ) 
4 131 132 (416 -208.998062 236.001968 ) (384 -208.998062 236.001968 ) (384 -39.527100 117.761719 ) (416 -39.527100 117.761719 ) 
3 132 138 (384 -151.884888 117.761719 ) (384 -214.587891 117.761719 ) (384 -209 236 ) 
3 132 135 (384 -39.531845 117.761719 ) (384 -151.884888 117.761719 ) (384 -209 236 ) 
4 132 142 (384 -39.525379 117.761719 ) (416 -39.525379 117.761719 ) (416 -214.587891 117.761719 ) (384 -214.587906 117.761719 ) 
4 133 139 (160 -209 236 ) (160 -265.998077 353.996033 ) (160 -265.314453 354 ) (160 -203.423340 354 ) 
4 133 136 (160 -266 354 ) (160 -209 236 ) (384 -209 236 ) (384 -266 354 ) 
4 133 134 (384 -203.423172 354 ) (384 -209 236.001953 ) (160 -209 236.001953 ) (160 -203.423309 354 ) 
5 134 139 (160 -208.541367 235.680023 ) (160 -209 236 ) (160 -203.423340 354 ) (160 -39.525379 354 ) (160 -39.525379 235.680023 ) 
4 134 141 (160 -39.525379 117.761719 ) (160 -39.531845 117.761719 ) (160 -208.541367 235.680023 ) (160 -39.525379 235.680023 ) 
4 134 135 (384 -208.998047 236.001953 ) (160 -208.998047 236.001953 ) (160 -39.527084 117.761719 ) (384 -39.535156 117.761719 ) 
3 135 139 (160 -208.845428 235.680023 ) (160 -209 236 ) (160 -208.541367 235.680023 ) 
4 135 141 (160 -39.531845 117.761719 ) (160 -151.884888 117.761719 ) (160 -208.845428 235.680023 ) (160 -208.541367 235.680023 ) 
4 135 138 (160 -208.845428 235.680023 ) (160 -151.884888 117.761719 ) (384 -151.884766 117.761719 ) (384 -208.845398 235.680023 ) 
4 135 136 (160 -209 236 ) (160 -208.845428 235.680023 ) (384 -208.845398 235.680023 ) (384 -209 236 ) 
4 135 142 (160 -39.525379 117.761719 ) (384 -39.525379 117.761719 ) (384 -151.884888 117.761719 ) (160 -151.884903 117.761719 ) 
4 136 140 (160 -389.647034 235.680023 ) (160 -389.647034 353.276001 ) (160 -265.998077 353.996033 ) (160 -208.845428 235.680023 ) 
4 136 137 (160 -389.647034 235.680023 ) (160 -208.841797 235.680023 ) (384 -208.841797 235.680023 ) (384 -389.647034 235.680023 ) 
4 136 143 (384 -389.647034 235.680023 ) (384 -389.647034 353.279968 ) (160 -389.647034 353.279999 ) (160 -389.647034 235.680023 ) 
4 137 141 (160 -214.587906 117.761719 ) (160 -389.647034 117.761719 ) (160 -389.647034 235.680023 ) (160 -209.015121 235.680023 ) 
4 137 143 (160 -389.647034 117.761719 ) (384 -389.647034 117.761719 ) (384 -389.647034 235.680023 ) (160 -389.647034 235.680023 ) 
4 137 142 (384 -214.587906 117.761719 ) (384 -389.647034 117.761719 ) (160 -389.647034 117.761719 ) (160 -214.587906 117.761719 ) 
4 137 138 (160 -214.588135 117.761719 ) (160 -209.015137 235.680023 ) (384 -209.015137 235.680023 ) (384 -214.587936 117.761719 ) 
4 138 141 (160 -151.884888 117.761719 ) (160 -214.587906 117.761719 ) (160 -209.015121 235.680023 ) (160 -208.845428 235.680023 ) 
4 138 142 (384 -151.884888 117.761719 ) (384 -214.587906 117.761719 ) (160 -214.587906 117.761719 ) (160 -151.884903 117.761719 ) 
5 139 144 (128 -266 354 ) (128 -265.997314 354 ) (128 -39.525379 354 ) (128 -39.525379 235.680023 ) (128 -208.845413 235.680023 ) 
4 139 141 (128 -39.525379 235.680023 ) (160 -39.525379 235.680023 ) (160 -208.845413 235.680023 ) (128 -208.845459 235.680023 ) 
4 139 140 (128 -208.845703 235.680023 ) (160 -208.845703 235.680023 ) (160 -266 354 ) (128 -266 354 ) 
4 140 144 (128 -389.647034 235.680023 ) (128 -389.647034 353.279968 ) (128 -266 354 ) (128 -208.845413 235.680023 ) 
4 140 141 (160 -208.845413 235.680023 ) (160 -389.647034 235.680023 ) (128 -389.647034 235.680023 ) (128 -208.845459 235.680023 ) 
4 140 143 (128 -389.647034 353.279999 ) (128 -389.647034 235.680023 ) (160 -389.647034 235.680023 ) (160 -389.647034 353.279999 ) 
4 141 144 (128 -389.647034 117.761719 ) (128 -389.647034 235.680023 ) (128 -39.525379 235.680023 ) (128 -39.525379 117.761719 ) 
4 141 143 (128 -389.647034 235.680023 ) (128 -389.647034 117.761719 ) (160 -389.647034 117.761719 ) (160 -389.647034 235.680023 ) 
4 141 142 (128 -39.525379 117.761719 ) (160 -39.525379 117.761719 ) (160 -389.647034 117.761719 ) (128 -389.647034 117.761719 ) 
3 142 145 (128 -39.525379 0 ) (128 -214.587967 0 ) (128 -39.525379 58.881382 ) 
5 142 144 (128 -214.587967 0 ) (128 -389.647034 0 ) (128 -389.647034 117.761719 ) (128 -39.525379 117.761719 ) (128 -39.525379 58.881382 ) 
4 142 143 (128 -389.647034 117.761719 ) (128 -389.647034 0 ) (416 -389.647034 0 ) (416 -389.647034 117.761719 ) 
4 143 147 (1024 -1024 0 ) (1024 -1024 354 ) (128 -1024 354 ) (128 -1024 0 ) 
4 143 144 (128 -389.647034 0 ) (128 -1024 0 ) (128 -1024 354 ) (128 -389.647034 354 ) 
5 144 148 (0 0 354 ) (0 0 72.175537 ) (0 -214.587982 0 ) (0 -1024 0 ) (0 -1024 354 ) 
4 144 147 (128 -1024 354 ) (0 -1024 354 ) (0 -1024 0 ) (128 -1024 0 ) 
4 144 145 (0 0 72.174805 ) (128 0 72.174805 ) (128 -214.585938 0 ) (0 -214.585938 0 ) 
3 145 149 (0 0 72.175537 ) (0 0 0 ) (0 -214.587982 0 ) 
4 146 147 (1024 -1024 2048 ) (1024 -1024 0 ) (1024 -1536 0 ) (1024 -1536 2048 ) 
4 147 152 (0 -1536 0 ) (0 -1536 2048 ) (0 -1024 2048 ) (0 -1024 0 ) 
4 148 152 (0 -1024 0 ) (0 -1024 2048 ) (-128 -1024 2048 ) (-128 -1024 0 ) 
5 148 150 (-128 -214.587982 0 ) (-128 -1024 0 ) (-128 -1024 2048 ) (-128 0 2048 ) (-128 0 72.175537 ) 
4 148 149 (0 -214.585938 0 ) (-128 -214.585938 0 ) (-128 0 72.174835 ) (0 0 72.174835 ) 
3 149 150 (-128 0 0 ) (-128 -214.587982 0 ) (-128 0 72.175537 ) 
4 150 152 (-128 -1024 2048 ) (-1024 -1024 2048 ) (-1024 -1024 0 ) (-128 -1024 0 ) 
4 150 151 (-1024 0 2048 ) (-1024 0 0 ) (-1024 -1024 0 ) (-1024 -1024 2048 ) 
4 151 153 (-1024 -1024 0 ) (-1024 -1024 2048 ) (-1536 -1024 2048 ) (-1536 -1024 0 ) 
4 152 153 (-1024 -1024 2048 ) (-1024 -1024 0 ) (-1024 -1536 0 ) (-1024 -1536 2048 ) 
